
                               Synplify Pro (R) 

              Version T-2022.09M-SP2-1 for linux64 - Jun 27, 2023 

                    Copyright (c) 1988 - 2023 Synopsys, Inc.
   This software and the associated documentation are proprietary to Synopsys,
 Inc. This software may only be used in accordance with the terms and conditions
 of a written license agreement with Synopsys, Inc. All other use, reproduction,
   or distribution of this software is strictly prohibited.  Licensed Products
     communicate with Synopsys servers for the purpose of providing software
    updates, detecting software piracy and verifying that customers are using
    Licensed Products in conformity with the applicable License Key for such
  Licensed Products. Synopsys will use information gathered in connection with
    this process to deliver software updates and pursue software pirates and
                                   infringers.

 Inclusivity & Diversity - Visit SolvNetPlus to read the "Synopsys Statement on
            Inclusivity and Diversity" (Refer to article 000036315 at
                        https://solvnetplus.synopsys.com)

Starting:    /home/aven/microchip/SynplifyPro/linux_a_64/mbin/synbatch
Install:     /home/aven/microchip/SynplifyPro
Hostname:    aven-22-04
Date:        Wed Jan 31 17:00:47 2024
Version:     T-2022.09M-SP2-1

Arguments:   -product synplify_pro -licensetype synplifypro_actel -batch -log synplify.log my_custom_cape_syn.tcl
ProductType: synplify_pro

License checkout: synplifypro_actel
License: synplifypro_actel from server localhost 
Licensed Vendor: actel
License Option: actel_oem

Running in Vendor Mode

Implementation not found: synthesis
log file: "/home/aven/repos/riscv-fpga/my_custom_cape/synthesis/my_custom_cape.srr"
Running: synthesis in foreground

Running my_custom_cape_syn|synthesis

Running Flow: compile (Compile) on my_custom_cape_syn|synthesis
# Wed Jan 31 17:00:47 2024

Running Flow: compile_flow (Compile Process) on my_custom_cape_syn|synthesis
# Wed Jan 31 17:00:47 2024

Running: compiler (Compile Input) on my_custom_cape_syn|synthesis
# Wed Jan 31 17:00:47 2024
Process ID: 43281
Copied /home/aven/repos/riscv-fpga/my_custom_cape/synthesis/synwork/my_custom_cape_comp.srs to /home/aven/repos/riscv-fpga/my_custom_cape/synthesis/my_custom_cape.srs

compiler completed
# Wed Jan 31 17:00:49 2024

Return Code: 0
Run Time:00h:00m:01s

Running: multi_srs_gen (Multi-srs Generator) on my_custom_cape_syn|synthesis
# Wed Jan 31 17:00:49 2024
Process ID: 43329

multi_srs_gen completed
# Wed Jan 31 17:00:49 2024

Return Code: 0
Run Time:00h:00m:00s
Copied /home/aven/repos/riscv-fpga/my_custom_cape/synthesis/synwork/my_custom_cape_mult.srs to /home/aven/repos/riscv-fpga/my_custom_cape/synthesis/my_custom_cape.srs
Complete: Compile Process on my_custom_cape_syn|synthesis

Running: premap (Premap) on my_custom_cape_syn|synthesis
# Wed Jan 31 17:00:49 2024
Process ID: 43345

premap completed with warnings
# Wed Jan 31 17:00:51 2024

Return Code: 1
Run Time:00h:00m:02s
Complete: Compile on my_custom_cape_syn|synthesis

Running Flow: map (Map) on my_custom_cape_syn|synthesis
# Wed Jan 31 17:00:51 2024
License granted for 4 parallel jobs

Running: fpga_mapper (Map & Optimize) on my_custom_cape_syn|synthesis
# Wed Jan 31 17:00:51 2024
Process ID: 43360
Copied /home/aven/repos/riscv-fpga/my_custom_cape/synthesis/synwork/my_custom_cape_m.srm to /home/aven/repos/riscv-fpga/my_custom_cape/synthesis/my_custom_cape.srm

fpga_mapper completed with warnings
# Wed Jan 31 17:00:58 2024

Return Code: 1
Run Time:00h:00m:07s
Complete: Map on my_custom_cape_syn|synthesis
Complete: Logic Synthesis on my_custom_cape_syn|synthesis
Copied /home/aven/repos/riscv-fpga/my_custom_cape/synthesis/my_custom_cape.srr to /home/aven/repos/riscv-fpga/my_custom_cape/synthesis/backup/my_custom_cape.srr
TCL script complete: "my_custom_cape_syn.tcl"
exit status=0
exit status=0
License checkin: synplifypro_actel
