INFO: Reading User SDC file /home/aven/repos/riscv-fpga/my_custom_cape/constraint/my_custom_cape_derived_constraints.sdc.
INFO: Reading User SDC file /home/aven/repos/riscv-fpga/my_custom_cape/constraint/fic_clocks.sdc.
INFO: The option "Abort flow if errors are found in SDC" is turned ON in Project Settings> Design flow page. The Place & Route tool will fail if errors are found in associated SDC files. Please uncheck the option to ignore the errors and continue running the tool.

No errors or warnings found.
INFO: The option "Abort flow if errors are found in PDC" is turned ON in Project Settings> Design flow page. The Place & Route tool will fail if errors are found in associated PDC files. Please uncheck the option to ignore the errors and continue running the tool
***** Place and Route Configurations *****
Timing-driven            : ON
Power-driven             : OFF
I/O Register Combining   : OFF
Global Pins Demotion     : ON
Driver Replication       : OFF
High-effort              : OFF
Repair min-delay         : OFF
Incremental              : OFF
Inter-clock optimization : ON

INFO: Reading User PDC file /home/aven/repos/riscv-fpga/my_custom_cape/constraint/io/base_design.pdc. 0 error(s) and 0 warning(s)
INFO: Reading User PDC file /home/aven/repos/riscv-fpga/my_custom_cape/constraint/io/cape.pdc. 0 error(s) and 0 warning(s)
INFO: Reading User PDC file /home/aven/repos/riscv-fpga/my_custom_cape/constraint/io/M2.pdc. 0 error(s) and 0 warning(s)
INFO: Reading User PDC file /home/aven/repos/riscv-fpga/my_custom_cape/constraint/io/SYZYGY.pdc. 0 error(s) and 0 warning(s)
INFO: Reading User PDC file /home/aven/repos/riscv-fpga/my_custom_cape/constraint/io/MIPI_CSI_INTERFACE.pdc. 0 error(s) and 0 warning(s)
INFO: Reading User PDC file /home/aven/repos/riscv-fpga/my_custom_cape/constraint/fp/NW_PLL.pdc. 0 error(s) and 0 warning(s)
INFO: Reading User PDC file /home/aven/repos/riscv-fpga/my_custom_cape/constraint/fp/SYZYGY.pdc. 0 error(s) and 0 warning(s)

 Running Timing based Global Demotion.
        Demoted 0 global pins.

 Timing based Global Demotion completed successfully.

Running the I/O Bank and Globals Assigner.
Info:  I/O Bank and Globals Assigner identified 85 fixed I/O macros, 0 unfixed I/O macros
Info:  I/O Bank and Globals Assigner identified bank 'Bank1' as being fixed at VCCI:3.30V VCCR:n/a
Info:  I/O Bank and Globals Assigner detected (1) out of (5) I/O Bank(s) with locked I/O technologies.

I/O Bank and Globals Assigner completed successfully.
Total time spent in I/O Bank and Globals Assigner: 1 seconds

Placer V5.0 - 2023.2.0
Design: my_custom_cape                  Started: Wed Jan 31 17:01:19 2024

Initializing Normal-Effort Timing-Driven Placement ...
Clustering ...
Placing ...
Improving placement ...
End of placement.

Placer Runtime Summary   :
Clustering (1 pass)      : 0 seconds
Placement                : 1 seconds
Improvement              : 2 seconds

Placer completed successfully.

Design: my_custom_cape
Finished: Wed Jan 31 17:01:44 2024
Total CPU Time:     00:00:27            Total Elapsed Time: 00:00:25
Total Memory Usage: 1061.1 Mbytes
                        o - o - o - o - o - o


Router
Design: my_custom_cape                  Started: Wed Jan 31 17:01:48 2024


Router completed successfully.

Design: my_custom_cape
Finished: Wed Jan 31 17:01:50 2024
Total CPU Time:     00:00:03            Total Elapsed Time: 00:00:02
Total Memory Usage: 870.1 Mbytes
                        o - o - o - o - o - o

Resource Usage
+---------------+------+-------+------------+
| Type          | Used | Total | Percentage |
+---------------+------+-------+------------+
| 4LUT          | 2903 | 22956 | 12.65      |
| DFF           | 3030 | 22956 | 13.20      |
| I/O Register  | 0    | 108   | 0.00       |
| Logic Element | 3978 | 22956 | 17.33      |
+---------------+------+-------+------------+

I/O Placement
+--------+-------+------------+
| Type   | Count | Percentage |
+--------+-------+------------+
| Locked |  75   | 100.00%    |
| Placed |  0    | 0.00%      |
+--------+-------+------------+

Completed writing pin report files.
