Info: [127205813]:  CMPPF_149: Added 'ADLIB:ICB_CLKINT' instance type before pin 'CLOCKS_AND_RESETS_inst_0/OSCILLATOR_160MHz_inst_0/OSCILLATOR_160MHz_0/I_OSC_160_INT:A'.
Info: [127205813]:  CMPPF_149: Added 'ADLIB:ICB_CLKINT' instance type before pin 'CLOCKS_AND_RESETS_inst_0/PF_CCC_ADC_0/PF_CCC_ADC_0/clkint_0:A'.
Info: [127205813]:  CMPPF_149: Added 'ADLIB:CRN_INT' instance type before pin 'CLOCKS_AND_RESETS_inst_0/PF_CCC_ADC_0/PF_CCC_ADC_0/pll_inst_0:REF_CLK_0'.
Info: [127205813]:  CMPPF_149: Added 'ADLIB:ICB_CLKINT' instance type before pin 'CLOCKS_AND_RESETS_inst_0/FPGA_CCC_C0_0/FPGA_CCC_C0_0/clkint_0:A'.
Info: [127205813]:  CMPPF_149: Added 'ADLIB:ICB_CLKINT' instance type before pin 'CLOCKS_AND_RESETS_inst_0/FPGA_CCC_C0_0/FPGA_CCC_C0_0/clkint_4:A'.
Info: [127205813]:  CMPPF_149: Added 'ADLIB:ICB_CLKINT' instance type before pin 'CLOCKS_AND_RESETS_inst_0/FPGA_CCC_C0_0/FPGA_CCC_C0_0/clkint_8:A'.
Info: [127205813]:  CMPPF_149: Added 'ADLIB:ICB_CLKINT' instance type before pin 'CLOCKS_AND_RESETS_inst_0/FPGA_CCC_C0_0/FPGA_CCC_C0_0/clkint_12:A'.
Info: [127205813]:  CMPPF_149: Added 'ADLIB:CRN_INT' instance type before pin 'CLOCKS_AND_RESETS_inst_0/FPGA_CCC_C0_0/FPGA_CCC_C0_0/pll_inst_0:REF_CLK_0'.

===============================================================================.

Info: Global design data:
      Total globals:                       6
      Globals that cannot be demoted:      6
      Globals considered for demotion:     0


Info: List of globals that cannot be demoted:
    CLK    ASYN   DATA   Instance Name
    ---    ----   ----   -------------
    3015   0      0      'CLOCKS_AND_RESETS_inst_0/FPGA_CCC_C0_0/FPGA_CCC_C0_0/clkint_12'
    17     0      0      'CLOCKS_AND_RESETS_inst_0/FPGA_CCC_C0_0/FPGA_CCC_C0_0/clkint_0'
    1      0      0      'CLOCKS_AND_RESETS_inst_0/FPGA_CCC_C0_0/FPGA_CCC_C0_0/clkint_4'
    1      0      0      'CLOCKS_AND_RESETS_inst_0/FPGA_CCC_C0_0/FPGA_CCC_C0_0/clkint_8'
    0      0      2      'CLOCKS_AND_RESETS_inst_0/OSCILLATOR_160MHz_inst_0/OSCILLATOR_160MHz_0/I_OSC_160_INT'
    0      0      1      'CLOCKS_AND_RESETS_inst_0/PF_CCC_ADC_0/PF_CCC_ADC_0/clkint_0'

Info: Demotion information:
Info: [127205381]:  CMPPF_302: Added 0 row global instances.
Info: [127205382]:  CMPPF_303: Deleted 0 global instances.

===============================================================================.

